mode: count
turnstile/internal/entrypoints/handler.go:17.91,25.2 3 0
turnstile/internal/entrypoints/handler.go:27.50,37.2 6 0
turnstile/internal/entrypoints/handler.go:39.48,42.53 2 0
turnstile/internal/entrypoints/handler.go:47.2,48.16 2 0
turnstile/internal/entrypoints/handler.go:53.2,55.20 2 0
turnstile/internal/entrypoints/handler.go:62.2,64.4 1 0
turnstile/internal/entrypoints/handler.go:42.53,45.3 2 0
turnstile/internal/entrypoints/handler.go:48.16,51.3 2 0
turnstile/internal/entrypoints/handler.go:56.12,57.25 1 0
turnstile/internal/entrypoints/handler.go:58.13,59.35 1 0
turnstile/internal/entrypoints/handler.go:67.45,70.50 2 0
turnstile/internal/entrypoints/handler.go:75.2,75.24 1 0
turnstile/internal/entrypoints/handler.go:81.2,82.16 2 0
turnstile/internal/entrypoints/handler.go:87.2,89.4 1 0
turnstile/internal/entrypoints/handler.go:70.50,73.3 2 0
turnstile/internal/entrypoints/handler.go:75.24,78.3 2 0
turnstile/internal/entrypoints/handler.go:82.16,85.3 2 0
turnstile/internal/service/infrastructure/log_client.go:18.88,24.2 1 0
turnstile/internal/service/infrastructure/log_client.go:26.68,28.16 2 0
turnstile/internal/service/infrastructure/log_client.go:32.2,33.16 2 0
turnstile/internal/service/infrastructure/log_client.go:37.2,38.16 2 0
turnstile/internal/service/infrastructure/log_client.go:42.2,42.21 1 0
turnstile/internal/service/infrastructure/log_client.go:46.2,46.12 1 0
turnstile/internal/service/infrastructure/log_client.go:28.16,30.3 1 0
turnstile/internal/service/infrastructure/log_client.go:33.16,35.3 1 0
turnstile/internal/service/infrastructure/log_client.go:38.16,40.3 1 0
turnstile/internal/service/infrastructure/log_client.go:42.21,44.3 1 0
turnstile/internal/service/sender/log_sender.go:16.81,21.2 1 0
turnstile/internal/service/sender/log_sender.go:23.39,26.26 2 0
turnstile/internal/service/sender/log_sender.go:45.2,49.16 3 0
turnstile/internal/service/sender/log_sender.go:53.2,54.12 2 0
turnstile/internal/service/sender/log_sender.go:26.26,30.41 2 0
turnstile/internal/service/sender/log_sender.go:36.3,40.17 3 0
turnstile/internal/service/sender/log_sender.go:30.41,32.4 1 0
turnstile/internal/service/sender/log_sender.go:32.9,32.24 1 0
turnstile/internal/service/sender/log_sender.go:32.24,34.4 1 0
turnstile/internal/service/sender/log_sender.go:40.17,42.4 1 0
turnstile/internal/service/sender/log_sender.go:49.16,51.3 1 0
turnstile/pkg/sqlite/sqlite.go:30.40,32.16 2 0
turnstile/pkg/sqlite/sqlite.go:36.2,37.16 2 0
turnstile/pkg/sqlite/sqlite.go:41.2,43.16 2 0
turnstile/pkg/sqlite/sqlite.go:32.16,34.3 1 0
turnstile/pkg/sqlite/sqlite.go:37.16,39.3 1 0
turnstile/internal/service/infrastructure/repo/logs_repo.go:16.80,22.2 1 3
turnstile/internal/service/infrastructure/repo/logs_repo.go:24.60,26.16 2 1
turnstile/internal/service/infrastructure/repo/logs_repo.go:30.2,30.15 1 1
turnstile/internal/service/infrastructure/repo/logs_repo.go:39.2,42.115 2 1
turnstile/internal/service/infrastructure/repo/logs_repo.go:46.2,46.12 1 1
turnstile/internal/service/infrastructure/repo/logs_repo.go:26.16,28.3 1 0
turnstile/internal/service/infrastructure/repo/logs_repo.go:30.15,31.14 1 1
turnstile/internal/service/infrastructure/repo/logs_repo.go:32.12,33.21 1 1
turnstile/internal/service/infrastructure/repo/logs_repo.go:34.11,35.17 1 0
turnstile/internal/service/infrastructure/repo/logs_repo.go:42.115,44.3 1 0
turnstile/internal/service/infrastructure/repo/logs_repo.go:49.63,53.56 3 2
turnstile/internal/service/infrastructure/repo/logs_repo.go:57.2,57.18 1 2
turnstile/internal/service/infrastructure/repo/logs_repo.go:53.56,55.3 1 0
turnstile/internal/service/infrastructure/repo/logs_repo.go:60.38,66.2 3 1
turnstile/internal/entrypoints/error.go:12.91,15.2 2 0
turnstile/internal/service/gripper/gripper.go:16.107,22.2 1 0
turnstile/internal/service/gripper/gripper.go:24.41,27.16 2 0
turnstile/internal/service/gripper/gripper.go:32.2,33.16 2 0
turnstile/internal/service/gripper/gripper.go:38.2,38.42 1 0
turnstile/internal/service/gripper/gripper.go:46.2,47.18 2 0
turnstile/internal/service/gripper/gripper.go:54.2,54.12 1 0
turnstile/internal/service/gripper/gripper.go:27.16,29.3 1 0
turnstile/internal/service/gripper/gripper.go:33.16,35.3 1 0
turnstile/internal/service/gripper/gripper.go:38.42,40.17 2 0
turnstile/internal/service/gripper/gripper.go:40.17,42.4 1 0
turnstile/internal/service/gripper/gripper.go:47.18,49.17 2 0
turnstile/internal/service/gripper/gripper.go:49.17,51.4 1 0
turnstile/internal/service/infrastructure/data_client.go:20.90,26.2 1 0
turnstile/internal/service/infrastructure/data_client.go:28.80,35.16 6 0
turnstile/internal/service/infrastructure/data_client.go:38.2,38.21 1 0
turnstile/internal/service/infrastructure/data_client.go:41.2,42.16 2 0
turnstile/internal/service/infrastructure/data_client.go:46.2,49.16 3 0
turnstile/internal/service/infrastructure/data_client.go:53.2,53.23 1 0
turnstile/internal/service/infrastructure/data_client.go:35.16,37.3 1 0
turnstile/internal/service/infrastructure/data_client.go:38.21,40.3 1 0
turnstile/internal/service/infrastructure/data_client.go:42.16,44.3 1 0
turnstile/internal/service/infrastructure/data_client.go:49.16,51.3 1 0
turnstile/internal/service/gripper/files.go:9.46,11.36 2 0
turnstile/internal/service/gripper/files.go:21.2,27.16 5 0
turnstile/internal/service/gripper/files.go:31.2,31.23 1 0
turnstile/internal/service/gripper/files.go:11.36,13.17 2 0
turnstile/internal/service/gripper/files.go:13.17,15.4 1 0
turnstile/internal/service/gripper/files.go:16.8,16.23 1 0
turnstile/internal/service/gripper/files.go:16.23,18.3 1 0
turnstile/internal/service/gripper/files.go:27.16,29.3 1 0
turnstile/internal/service/gripper/files.go:34.48,36.16 2 0
turnstile/internal/service/gripper/files.go:39.2,46.16 6 0
turnstile/internal/service/gripper/files.go:50.2,50.12 1 0
turnstile/internal/service/gripper/files.go:36.16,38.3 1 0
turnstile/internal/service/gripper/files.go:46.16,48.3 1 0
turnstile/internal/service/scheduler/scheduler.go:24.178,35.2 1 0
turnstile/internal/service/scheduler/scheduler.go:37.35,40.16 2 0
turnstile/internal/service/scheduler/scheduler.go:43.2,45.12 3 0
turnstile/internal/service/scheduler/scheduler.go:40.16,42.3 1 0
turnstile/internal/service/scheduler/scheduler.go:48.41,49.39 1 0
turnstile/internal/service/scheduler/scheduler.go:52.2,52.33 1 0
turnstile/internal/service/scheduler/scheduler.go:49.39,51.3 1 0
turnstile/internal/service/scheduler/scheduler.go:55.43,56.36 1 0
turnstile/internal/service/scheduler/scheduler.go:59.2,59.30 1 0
turnstile/internal/service/scheduler/scheduler.go:56.36,58.3 1 0
turnstile/internal/service/scheduler/scheduler.go:62.63,66.6 4 0
turnstile/internal/service/scheduler/scheduler.go:66.6,67.10 1 0
turnstile/internal/service/scheduler/scheduler.go:68.29,70.20 2 0
turnstile/internal/service/scheduler/scheduler.go:71.26,73.20 2 0
turnstile/internal/service/scheduler/scheduler.go:74.22,75.13 1 0
turnstile/internal/service/scheduler/scheduler.go:75.13,78.5 2 0
turnstile/internal/service/scheduler/scheduler.go:83.52,87.6 4 0
turnstile/internal/service/scheduler/scheduler.go:87.6,88.10 1 0
turnstile/internal/service/scheduler/scheduler.go:89.20,91.22 2 0
turnstile/internal/service/scheduler/scheduler.go:92.18,94.22 2 0
turnstile/internal/service/scheduler/scheduler.go:95.22,96.13 1 0
turnstile/internal/service/scheduler/scheduler.go:96.13,99.5 2 0
turnstile/internal/service/scheduler/scheduler.go:104.41,105.16 1 0
turnstile/internal/service/scheduler/scheduler.go:105.16,109.17 3 0
turnstile/internal/service/scheduler/scheduler.go:114.3,114.39 1 0
turnstile/internal/service/scheduler/scheduler.go:109.17,113.4 3 0
turnstile/internal/service/scheduler/scheduler.go:115.8,117.3 1 0
turnstile/internal/service/scheduler/scheduler.go:120.43,121.16 1 0
turnstile/internal/service/scheduler/scheduler.go:121.16,125.17 3 0
turnstile/internal/service/scheduler/scheduler.go:130.3,130.39 1 0
turnstile/internal/service/scheduler/scheduler.go:125.17,129.4 3 0
turnstile/internal/service/scheduler/scheduler.go:131.8,133.3 1 0
turnstile/internal/service/scheduler/scheduler.go:136.22,144.23 3 0
turnstile/internal/service/scheduler/scheduler.go:153.2,153.14 1 0
turnstile/internal/service/scheduler/scheduler.go:144.23,146.17 2 0
turnstile/internal/service/scheduler/scheduler.go:150.3,151.14 2 0
turnstile/internal/service/scheduler/scheduler.go:146.17,148.12 2 0
turnstile/pkg/httpserver/server.go:22.53,39.2 4 0
turnstile/pkg/httpserver/server.go:41.26,42.12 1 0
turnstile/pkg/httpserver/server.go:42.12,45.3 2 0
turnstile/pkg/httpserver/server.go:48.40,50.2 1 0
turnstile/pkg/httpserver/server.go:52.35,58.2 1 0
turnstile/pkg/logging/logging.go:21.57,23.16 2 0
turnstile/pkg/logging/logging.go:26.2,26.32 1 0
turnstile/pkg/logging/logging.go:32.2,32.12 1 0
turnstile/pkg/logging/logging.go:23.16,25.3 1 0
turnstile/pkg/logging/logging.go:26.32,28.17 2 0
turnstile/pkg/logging/logging.go:28.17,30.4 1 0
turnstile/pkg/logging/logging.go:35.49,37.2 1 0
turnstile/pkg/logging/logging.go:43.69,45.2 1 0
turnstile/pkg/logging/logging.go:50.37,51.17 1 5
turnstile/pkg/logging/logging.go:92.2,92.17 1 5
turnstile/pkg/logging/logging.go:51.17,53.17 2 1
turnstile/pkg/logging/logging.go:57.3,60.62 3 1
turnstile/pkg/logging/logging.go:69.3,69.39 1 1
turnstile/pkg/logging/logging.go:86.3,89.40 3 1
turnstile/pkg/logging/logging.go:53.17,55.4 1 0
turnstile/pkg/logging/logging.go:60.62,63.5 2 0
turnstile/pkg/logging/logging.go:69.39,71.18 2 0
turnstile/pkg/logging/logging.go:75.4,76.18 2 0
turnstile/pkg/logging/logging.go:80.4,83.6 1 0
turnstile/pkg/logging/logging.go:71.18,72.15 1 0
turnstile/pkg/logging/logging.go:76.18,78.5 1 0
turnstile/internal/service/turnstile.go:23.133,32.2 1 0
turnstile/internal/service/turnstile.go:34.51,36.2 1 0
turnstile/internal/service/turnstile.go:38.82,40.16 2 0
turnstile/internal/service/turnstile.go:44.2,45.26 2 0
turnstile/internal/service/turnstile.go:54.2,54.18 1 0
turnstile/internal/service/turnstile.go:40.16,42.3 1 0
turnstile/internal/service/turnstile.go:45.26,50.3 2 0
turnstile/internal/service/turnstile.go:50.8,50.23 1 0
turnstile/internal/service/turnstile.go:50.23,52.3 1 0
turnstile/internal/service/turnstile.go:57.75,59.16 2 0
turnstile/internal/service/turnstile.go:64.2,64.36 1 0
turnstile/internal/service/turnstile.go:71.2,72.31 2 0
turnstile/internal/service/turnstile.go:76.2,77.12 2 0
turnstile/internal/service/turnstile.go:59.16,61.3 1 0
turnstile/internal/service/turnstile.go:64.36,66.17 2 0
turnstile/internal/service/turnstile.go:66.17,68.4 1 0
turnstile/internal/service/turnstile.go:72.31,75.3 2 0
turnstile/internal/service/turnstile.go:80.118,83.16 2 0
turnstile/internal/service/turnstile.go:87.2,88.16 2 0
turnstile/internal/service/turnstile.go:92.2,97.8 1 0
turnstile/internal/service/turnstile.go:83.16,85.3 1 0
turnstile/internal/service/turnstile.go:88.16,90.3 1 0
turnstile/internal/service/turnstile.go:100.118,103.34 2 0
turnstile/internal/service/turnstile.go:123.2,123.25 1 0
turnstile/internal/service/turnstile.go:103.34,105.17 2 0
turnstile/internal/service/turnstile.go:109.3,110.17 2 0
turnstile/internal/service/turnstile.go:114.3,120.5 1 0
turnstile/internal/service/turnstile.go:105.17,107.4 1 0
turnstile/internal/service/turnstile.go:110.17,112.4 1 0
turnstile/internal/service/turnstile.go:126.63,128.16 2 0
turnstile/internal/service/turnstile.go:132.2,133.16 2 0
turnstile/internal/service/turnstile.go:136.2,136.17 1 0
turnstile/internal/service/turnstile.go:128.16,130.3 1 0
turnstile/internal/service/turnstile.go:133.16,135.3 1 0
turnstile/internal/service/turnstile.go:139.43,141.16 2 0
turnstile/internal/service/turnstile.go:144.2,144.17 1 0
turnstile/internal/service/turnstile.go:141.16,143.3 1 0
turnstile/internal/app.go:22.12,29.16 3 0
turnstile/internal/app.go:34.2,60.16 14 0
turnstile/internal/app.go:65.2,74.45 7 0
turnstile/internal/app.go:78.2,78.34 1 0
turnstile/internal/app.go:29.16,31.3 1 0
turnstile/internal/app.go:60.16,62.3 1 0
turnstile/internal/app.go:74.45,76.3 1 0
turnstile/internal/app.go:78.34,80.3 1 0
turnstile/cmd/main.go:9.13,10.45 1 0
turnstile/cmd/main.go:14.2,14.11 1 0
turnstile/cmd/main.go:10.45,12.3 1 0
turnstile/internal/service/mocks/mock.go:26.69,30.2 3 0
turnstile/internal/service/mocks/mock.go:33.67,35.2 1 0
turnstile/internal/service/mocks/mock.go:38.84,44.2 5 0
turnstile/internal/service/mocks/mock.go:47.90,50.2 2 0
turnstile/internal/service/mocks/mock.go:53.61,58.2 4 0
turnstile/internal/service/mocks/mock.go:61.77,64.2 2 0
turnstile/internal/service/mocks/mock.go:78.61,82.2 3 0
turnstile/internal/service/mocks/mock.go:85.59,87.2 1 0
turnstile/internal/service/mocks/mock.go:90.42,95.2 4 0
turnstile/internal/service/mocks/mock.go:98.62,101.2 2 0
turnstile/internal/service/mocks/mock.go:104.67,110.2 5 0
turnstile/internal/service/mocks/mock.go:113.59,116.2 2 0
turnstile/internal/service/mocks/mock.go:119.64,124.2 4 0
turnstile/internal/service/mocks/mock.go:127.72,130.2 2 0
turnstile/internal/service/mocks/mock.go:144.67,148.2 3 0
turnstile/internal/service/mocks/mock.go:151.65,153.2 1 0
turnstile/internal/service/mocks/mock.go:156.44,161.2 4 0
turnstile/internal/service/mocks/mock.go:164.64,167.2 2 0
turnstile/internal/service/mocks/mock.go:181.63,185.2 3 0
turnstile/internal/service/mocks/mock.go:188.61,190.2 1 0
turnstile/internal/service/mocks/mock.go:193.42,198.2 4 0
turnstile/internal/service/mocks/mock.go:201.62,204.2 2 0
turnstile/internal/service/mocks/mock.go:218.63,222.2 3 0
turnstile/internal/service/mocks/mock.go:225.61,227.2 1 0
turnstile/internal/service/mocks/mock.go:230.39,235.2 4 0
turnstile/internal/service/mocks/mock.go:238.59,241.2 2 0
turnstile/internal/service/mocks/mock.go:244.47,247.2 2 0
turnstile/internal/service/mocks/mock.go:250.73,253.2 2 0
turnstile/internal/service/mocks/mock.go:256.45,259.2 2 0
turnstile/internal/service/mocks/mock.go:262.71,265.2 2 0
turnstile/internal/service/mocks/mock.go:279.63,283.2 3 0
turnstile/internal/service/mocks/mock.go:286.61,288.2 1 0
turnstile/internal/service/mocks/mock.go:291.79,297.2 5 0
turnstile/internal/service/mocks/mock.go:300.83,303.2 2 0
turnstile/internal/service/mocks/mock.go:306.72,311.2 4 0
turnstile/internal/service/mocks/mock.go:314.80,317.2 2 0
turnstile/internal/service/infrastructure/repo/employee_repo.go:16.90,22.2 1 2
turnstile/internal/service/infrastructure/repo/employee_repo.go:24.65,26.16 2 0
turnstile/internal/service/infrastructure/repo/employee_repo.go:30.2,30.15 1 0
turnstile/internal/service/infrastructure/repo/employee_repo.go:39.2,39.25 1 0
turnstile/internal/service/infrastructure/repo/employee_repo.go:48.2,48.12 1 0
turnstile/internal/service/infrastructure/repo/employee_repo.go:26.16,28.3 1 0
turnstile/internal/service/infrastructure/repo/employee_repo.go:30.15,31.14 1 0
turnstile/internal/service/infrastructure/repo/employee_repo.go:32.12,33.21 1 0
turnstile/internal/service/infrastructure/repo/employee_repo.go:34.11,35.17 1 0
turnstile/internal/service/infrastructure/repo/employee_repo.go:39.25,43.89 2 0
turnstile/internal/service/infrastructure/repo/employee_repo.go:43.89,45.4 1 0
turnstile/internal/service/infrastructure/repo/employee_repo.go:51.58,53.16 2 1
turnstile/internal/service/infrastructure/repo/employee_repo.go:57.2,57.15 1 1
turnstile/internal/service/infrastructure/repo/employee_repo.go:66.2,69.100 2 1
turnstile/internal/service/infrastructure/repo/employee_repo.go:73.2,73.12 1 1
turnstile/internal/service/infrastructure/repo/employee_repo.go:53.16,55.3 1 0
turnstile/internal/service/infrastructure/repo/employee_repo.go:57.15,58.14 1 1
turnstile/internal/service/infrastructure/repo/employee_repo.go:59.12,60.21 1 1
turnstile/internal/service/infrastructure/repo/employee_repo.go:61.11,62.17 1 0
turnstile/internal/service/infrastructure/repo/employee_repo.go:69.100,71.3 1 0
turnstile/internal/service/infrastructure/repo/employee_repo.go:76.81,80.58 3 2
turnstile/internal/service/infrastructure/repo/employee_repo.go:84.2,84.22 1 1
turnstile/internal/service/infrastructure/repo/employee_repo.go:80.58,82.3 1 1
turnstile/configs/init.go:5.25,9.2 3 0
turnstile/pkg/client/client.go:17.36,30.2 2 0
turnstile/internal/service/mocks/mock.go:26.69,30.2 3 0
turnstile/internal/service/mocks/mock.go:33.67,35.2 1 0
turnstile/internal/service/mocks/mock.go:38.84,44.2 5 0
turnstile/internal/service/mocks/mock.go:47.90,50.2 2 0
turnstile/internal/service/mocks/mock.go:53.61,58.2 4 0
turnstile/internal/service/mocks/mock.go:61.77,64.2 2 0
turnstile/internal/service/mocks/mock.go:78.61,82.2 3 0
turnstile/internal/service/mocks/mock.go:85.59,87.2 1 0
turnstile/internal/service/mocks/mock.go:90.42,95.2 4 0
turnstile/internal/service/mocks/mock.go:98.62,101.2 2 0
turnstile/internal/service/mocks/mock.go:104.67,110.2 5 0
turnstile/internal/service/mocks/mock.go:113.59,116.2 2 0
turnstile/internal/service/mocks/mock.go:119.64,124.2 4 0
turnstile/internal/service/mocks/mock.go:127.72,130.2 2 0
turnstile/internal/service/mocks/mock.go:144.67,148.2 3 0
turnstile/internal/service/mocks/mock.go:151.65,153.2 1 0
turnstile/internal/service/mocks/mock.go:156.44,161.2 4 0
turnstile/internal/service/mocks/mock.go:164.64,167.2 2 0
turnstile/internal/service/mocks/mock.go:181.63,185.2 3 0
turnstile/internal/service/mocks/mock.go:188.61,190.2 1 0
turnstile/internal/service/mocks/mock.go:193.42,198.2 4 0
turnstile/internal/service/mocks/mock.go:201.62,204.2 2 0
turnstile/internal/service/mocks/mock.go:218.63,222.2 3 0
turnstile/internal/service/mocks/mock.go:225.61,227.2 1 0
turnstile/internal/service/mocks/mock.go:230.39,235.2 4 0
turnstile/internal/service/mocks/mock.go:238.59,241.2 2 0
turnstile/internal/service/mocks/mock.go:244.47,247.2 2 0
turnstile/internal/service/mocks/mock.go:250.73,253.2 2 0
turnstile/internal/service/mocks/mock.go:256.45,259.2 2 0
turnstile/internal/service/mocks/mock.go:262.71,265.2 2 0
turnstile/internal/service/mocks/mock.go:279.63,283.2 3 7
turnstile/internal/service/mocks/mock.go:286.61,288.2 1 4
turnstile/internal/service/mocks/mock.go:291.79,297.2 5 2
turnstile/internal/service/mocks/mock.go:300.83,303.2 2 2
turnstile/internal/service/mocks/mock.go:306.72,311.2 4 2
turnstile/internal/service/mocks/mock.go:314.80,317.2 2 2
turnstile/internal/service/turnstile.go:23.133,32.2 1 0
turnstile/internal/service/turnstile.go:34.51,36.2 1 0
turnstile/internal/service/turnstile.go:38.82,40.16 2 0
turnstile/internal/service/turnstile.go:44.2,45.26 2 0
turnstile/internal/service/turnstile.go:54.2,54.18 1 0
turnstile/internal/service/turnstile.go:40.16,42.3 1 0
turnstile/internal/service/turnstile.go:45.26,50.3 2 0
turnstile/internal/service/turnstile.go:50.8,50.23 1 0
turnstile/internal/service/turnstile.go:50.23,52.3 1 0
turnstile/internal/service/turnstile.go:57.75,59.16 2 0
turnstile/internal/service/turnstile.go:64.2,64.36 1 0
turnstile/internal/service/turnstile.go:71.2,72.31 2 0
turnstile/internal/service/turnstile.go:76.2,77.12 2 0
turnstile/internal/service/turnstile.go:59.16,61.3 1 0
turnstile/internal/service/turnstile.go:64.36,66.17 2 0
turnstile/internal/service/turnstile.go:66.17,68.4 1 0
turnstile/internal/service/turnstile.go:72.31,75.3 2 0
turnstile/internal/service/turnstile.go:80.118,83.16 2 0
turnstile/internal/service/turnstile.go:87.2,88.16 2 0
turnstile/internal/service/turnstile.go:92.2,97.8 1 0
turnstile/internal/service/turnstile.go:83.16,85.3 1 0
turnstile/internal/service/turnstile.go:88.16,90.3 1 0
turnstile/internal/service/turnstile.go:100.118,103.34 2 0
turnstile/internal/service/turnstile.go:123.2,123.25 1 0
turnstile/internal/service/turnstile.go:103.34,105.17 2 0
turnstile/internal/service/turnstile.go:109.3,110.17 2 0
turnstile/internal/service/turnstile.go:114.3,120.5 1 0
turnstile/internal/service/turnstile.go:105.17,107.4 1 0
turnstile/internal/service/turnstile.go:110.17,112.4 1 0
turnstile/internal/service/turnstile.go:126.63,128.16 2 0
turnstile/internal/service/turnstile.go:132.2,133.16 2 0
turnstile/internal/service/turnstile.go:136.2,136.17 1 0
turnstile/internal/service/turnstile.go:128.16,130.3 1 0
turnstile/internal/service/turnstile.go:133.16,135.3 1 0
turnstile/internal/service/turnstile.go:139.43,141.16 2 0
turnstile/internal/service/turnstile.go:144.2,144.17 1 0
turnstile/internal/service/turnstile.go:141.16,143.3 1 0
turnstile/internal/service/infrastructure/log_client.go:18.88,24.2 1 0
turnstile/internal/service/infrastructure/log_client.go:26.68,28.16 2 0
turnstile/internal/service/infrastructure/log_client.go:32.2,33.16 2 0
turnstile/internal/service/infrastructure/log_client.go:37.2,38.16 2 0
turnstile/internal/service/infrastructure/log_client.go:42.2,42.21 1 0
turnstile/internal/service/infrastructure/log_client.go:46.2,46.12 1 0
turnstile/internal/service/infrastructure/log_client.go:28.16,30.3 1 0
turnstile/internal/service/infrastructure/log_client.go:33.16,35.3 1 0
turnstile/internal/service/infrastructure/log_client.go:38.16,40.3 1 0
turnstile/internal/service/infrastructure/log_client.go:42.21,44.3 1 0
turnstile/internal/service/infrastructure/repo/employee_repo.go:16.90,22.2 1 0
turnstile/internal/service/infrastructure/repo/employee_repo.go:24.65,26.16 2 0
turnstile/internal/service/infrastructure/repo/employee_repo.go:30.2,30.15 1 0
turnstile/internal/service/infrastructure/repo/employee_repo.go:39.2,39.25 1 0
turnstile/internal/service/infrastructure/repo/employee_repo.go:48.2,48.12 1 0
turnstile/internal/service/infrastructure/repo/employee_repo.go:26.16,28.3 1 0
turnstile/internal/service/infrastructure/repo/employee_repo.go:30.15,31.14 1 0
turnstile/internal/service/infrastructure/repo/employee_repo.go:32.12,33.21 1 0
turnstile/internal/service/infrastructure/repo/employee_repo.go:34.11,35.17 1 0
turnstile/internal/service/infrastructure/repo/employee_repo.go:39.25,43.89 2 0
turnstile/internal/service/infrastructure/repo/employee_repo.go:43.89,45.4 1 0
turnstile/internal/service/infrastructure/repo/employee_repo.go:51.58,53.16 2 0
turnstile/internal/service/infrastructure/repo/employee_repo.go:57.2,57.15 1 0
turnstile/internal/service/infrastructure/repo/employee_repo.go:66.2,69.100 2 0
turnstile/internal/service/infrastructure/repo/employee_repo.go:73.2,73.12 1 0
turnstile/internal/service/infrastructure/repo/employee_repo.go:53.16,55.3 1 0
turnstile/internal/service/infrastructure/repo/employee_repo.go:57.15,58.14 1 0
turnstile/internal/service/infrastructure/repo/employee_repo.go:59.12,60.21 1 0
turnstile/internal/service/infrastructure/repo/employee_repo.go:61.11,62.17 1 0
turnstile/internal/service/infrastructure/repo/employee_repo.go:69.100,71.3 1 0
turnstile/internal/service/infrastructure/repo/employee_repo.go:76.81,80.58 3 0
turnstile/internal/service/infrastructure/repo/employee_repo.go:84.2,84.22 1 0
turnstile/internal/service/infrastructure/repo/employee_repo.go:80.58,82.3 1 0
turnstile/internal/service/gripper/gripper.go:16.107,22.2 1 0
turnstile/internal/service/gripper/gripper.go:24.41,27.16 2 0
turnstile/internal/service/gripper/gripper.go:32.2,33.16 2 0
turnstile/internal/service/gripper/gripper.go:38.2,38.42 1 0
turnstile/internal/service/gripper/gripper.go:46.2,47.18 2 0
turnstile/internal/service/gripper/gripper.go:54.2,54.12 1 0
turnstile/internal/service/gripper/gripper.go:27.16,29.3 1 0
turnstile/internal/service/gripper/gripper.go:33.16,35.3 1 0
turnstile/internal/service/gripper/gripper.go:38.42,40.17 2 0
turnstile/internal/service/gripper/gripper.go:40.17,42.4 1 0
turnstile/internal/service/gripper/gripper.go:47.18,49.17 2 0
turnstile/internal/service/gripper/gripper.go:49.17,51.4 1 0
turnstile/internal/entrypoints/error.go:12.91,15.2 2 5
turnstile/internal/service/gripper/files.go:9.46,11.36 2 0
turnstile/internal/service/gripper/files.go:21.2,27.16 5 0
turnstile/internal/service/gripper/files.go:31.2,31.23 1 0
turnstile/internal/service/gripper/files.go:11.36,13.17 2 0
turnstile/internal/service/gripper/files.go:13.17,15.4 1 0
turnstile/internal/service/gripper/files.go:16.8,16.23 1 0
turnstile/internal/service/gripper/files.go:16.23,18.3 1 0
turnstile/internal/service/gripper/files.go:27.16,29.3 1 0
turnstile/internal/service/gripper/files.go:34.48,36.16 2 0
turnstile/internal/service/gripper/files.go:39.2,46.16 6 0
turnstile/internal/service/gripper/files.go:50.2,50.12 1 0
turnstile/internal/service/gripper/files.go:36.16,38.3 1 0
turnstile/internal/service/gripper/files.go:46.16,48.3 1 0
turnstile/internal/service/infrastructure/repo/logs_repo.go:16.80,22.2 1 0
turnstile/internal/service/infrastructure/repo/logs_repo.go:24.60,26.16 2 0
turnstile/internal/service/infrastructure/repo/logs_repo.go:30.2,30.15 1 0
turnstile/internal/service/infrastructure/repo/logs_repo.go:39.2,42.115 2 0
turnstile/internal/service/infrastructure/repo/logs_repo.go:46.2,46.12 1 0
turnstile/internal/service/infrastructure/repo/logs_repo.go:26.16,28.3 1 0
turnstile/internal/service/infrastructure/repo/logs_repo.go:30.15,31.14 1 0
turnstile/internal/service/infrastructure/repo/logs_repo.go:32.12,33.21 1 0
turnstile/internal/service/infrastructure/repo/logs_repo.go:34.11,35.17 1 0
turnstile/internal/service/infrastructure/repo/logs_repo.go:42.115,44.3 1 0
turnstile/internal/service/infrastructure/repo/logs_repo.go:49.63,53.56 3 0
turnstile/internal/service/infrastructure/repo/logs_repo.go:57.2,57.18 1 0
turnstile/internal/service/infrastructure/repo/logs_repo.go:53.56,55.3 1 0
turnstile/internal/service/infrastructure/repo/logs_repo.go:60.38,66.2 3 0
turnstile/internal/service/scheduler/scheduler.go:24.178,35.2 1 0
turnstile/internal/service/scheduler/scheduler.go:37.35,40.16 2 0
turnstile/internal/service/scheduler/scheduler.go:43.2,45.12 3 0
turnstile/internal/service/scheduler/scheduler.go:40.16,42.3 1 0
turnstile/internal/service/scheduler/scheduler.go:48.41,49.39 1 0
turnstile/internal/service/scheduler/scheduler.go:52.2,52.33 1 0
turnstile/internal/service/scheduler/scheduler.go:49.39,51.3 1 0
turnstile/internal/service/scheduler/scheduler.go:55.43,56.36 1 0
turnstile/internal/service/scheduler/scheduler.go:59.2,59.30 1 0
turnstile/internal/service/scheduler/scheduler.go:56.36,58.3 1 0
turnstile/internal/service/scheduler/scheduler.go:62.63,66.6 4 0
turnstile/internal/service/scheduler/scheduler.go:66.6,67.10 1 0
turnstile/internal/service/scheduler/scheduler.go:68.29,70.20 2 0
turnstile/internal/service/scheduler/scheduler.go:71.26,73.20 2 0
turnstile/internal/service/scheduler/scheduler.go:74.22,75.13 1 0
turnstile/internal/service/scheduler/scheduler.go:75.13,78.5 2 0
turnstile/internal/service/scheduler/scheduler.go:83.52,87.6 4 0
turnstile/internal/service/scheduler/scheduler.go:87.6,88.10 1 0
turnstile/internal/service/scheduler/scheduler.go:89.20,91.22 2 0
turnstile/internal/service/scheduler/scheduler.go:92.18,94.22 2 0
turnstile/internal/service/scheduler/scheduler.go:95.22,96.13 1 0
turnstile/internal/service/scheduler/scheduler.go:96.13,99.5 2 0
turnstile/internal/service/scheduler/scheduler.go:104.41,105.16 1 0
turnstile/internal/service/scheduler/scheduler.go:105.16,109.17 3 0
turnstile/internal/service/scheduler/scheduler.go:114.3,114.39 1 0
turnstile/internal/service/scheduler/scheduler.go:109.17,113.4 3 0
turnstile/internal/service/scheduler/scheduler.go:115.8,117.3 1 0
turnstile/internal/service/scheduler/scheduler.go:120.43,121.16 1 0
turnstile/internal/service/scheduler/scheduler.go:121.16,125.17 3 0
turnstile/internal/service/scheduler/scheduler.go:130.3,130.39 1 0
turnstile/internal/service/scheduler/scheduler.go:125.17,129.4 3 0
turnstile/internal/service/scheduler/scheduler.go:131.8,133.3 1 0
turnstile/internal/service/scheduler/scheduler.go:136.22,144.23 3 0
turnstile/internal/service/scheduler/scheduler.go:153.2,153.14 1 0
turnstile/internal/service/scheduler/scheduler.go:144.23,146.17 2 0
turnstile/internal/service/scheduler/scheduler.go:150.3,151.14 2 0
turnstile/internal/service/scheduler/scheduler.go:146.17,148.12 2 0
turnstile/pkg/httpserver/server.go:22.53,39.2 4 0
turnstile/pkg/httpserver/server.go:41.26,42.12 1 0
turnstile/pkg/httpserver/server.go:42.12,45.3 2 0
turnstile/pkg/httpserver/server.go:48.40,50.2 1 0
turnstile/pkg/httpserver/server.go:52.35,58.2 1 0
turnstile/pkg/logging/logging.go:21.57,23.16 2 0
turnstile/pkg/logging/logging.go:26.2,26.32 1 0
turnstile/pkg/logging/logging.go:32.2,32.12 1 0
turnstile/pkg/logging/logging.go:23.16,25.3 1 0
turnstile/pkg/logging/logging.go:26.32,28.17 2 0
turnstile/pkg/logging/logging.go:28.17,30.4 1 0
turnstile/pkg/logging/logging.go:35.49,37.2 1 0
turnstile/pkg/logging/logging.go:43.69,45.2 1 0
turnstile/pkg/logging/logging.go:50.37,51.17 1 7
turnstile/pkg/logging/logging.go:92.2,92.17 1 7
turnstile/pkg/logging/logging.go:51.17,53.17 2 1
turnstile/pkg/logging/logging.go:57.3,60.62 3 1
turnstile/pkg/logging/logging.go:69.3,69.39 1 1
turnstile/pkg/logging/logging.go:86.3,89.40 3 1
turnstile/pkg/logging/logging.go:53.17,55.4 1 0
turnstile/pkg/logging/logging.go:60.62,63.5 2 5
turnstile/pkg/logging/logging.go:69.39,71.18 2 0
turnstile/pkg/logging/logging.go:75.4,76.18 2 0
turnstile/pkg/logging/logging.go:80.4,83.6 1 0
turnstile/pkg/logging/logging.go:71.18,72.15 1 0
turnstile/pkg/logging/logging.go:76.18,78.5 1 0
turnstile/internal/service/infrastructure/data_client.go:20.90,26.2 1 0
turnstile/internal/service/infrastructure/data_client.go:28.80,35.16 6 0
turnstile/internal/service/infrastructure/data_client.go:38.2,38.21 1 0
turnstile/internal/service/infrastructure/data_client.go:41.2,42.16 2 0
turnstile/internal/service/infrastructure/data_client.go:46.2,49.16 3 0
turnstile/internal/service/infrastructure/data_client.go:53.2,53.23 1 0
turnstile/internal/service/infrastructure/data_client.go:35.16,37.3 1 0
turnstile/internal/service/infrastructure/data_client.go:38.21,40.3 1 0
turnstile/internal/service/infrastructure/data_client.go:42.16,44.3 1 0
turnstile/internal/service/infrastructure/data_client.go:49.16,51.3 1 0
turnstile/pkg/sqlite/sqlite.go:30.40,32.16 2 0
turnstile/pkg/sqlite/sqlite.go:36.2,37.16 2 0
turnstile/pkg/sqlite/sqlite.go:41.2,43.16 2 0
turnstile/pkg/sqlite/sqlite.go:32.16,34.3 1 0
turnstile/pkg/sqlite/sqlite.go:37.16,39.3 1 0
turnstile/internal/app.go:22.12,29.16 3 0
turnstile/internal/app.go:34.2,60.16 14 0
turnstile/internal/app.go:65.2,74.45 7 0
turnstile/internal/app.go:78.2,78.34 1 0
turnstile/internal/app.go:29.16,31.3 1 0
turnstile/internal/app.go:60.16,62.3 1 0
turnstile/internal/app.go:74.45,76.3 1 0
turnstile/internal/app.go:78.34,80.3 1 0
turnstile/internal/entrypoints/handler.go:17.91,25.2 3 0
turnstile/internal/entrypoints/handler.go:27.50,37.2 6 0
turnstile/internal/entrypoints/handler.go:39.48,42.53 2 4
turnstile/internal/entrypoints/handler.go:47.2,48.16 2 2
turnstile/internal/entrypoints/handler.go:53.2,55.20 2 1
turnstile/internal/entrypoints/handler.go:62.2,64.4 1 1
turnstile/internal/entrypoints/handler.go:42.53,45.3 2 2
turnstile/internal/entrypoints/handler.go:48.16,51.3 2 1
turnstile/internal/entrypoints/handler.go:56.12,57.25 1 1
turnstile/internal/entrypoints/handler.go:58.13,59.35 1 0
turnstile/internal/entrypoints/handler.go:67.45,70.50 2 3
turnstile/internal/entrypoints/handler.go:75.2,75.24 1 3
turnstile/internal/entrypoints/handler.go:81.2,82.16 2 2
turnstile/internal/entrypoints/handler.go:87.2,89.4 1 1
turnstile/internal/entrypoints/handler.go:70.50,73.3 2 0
turnstile/internal/entrypoints/handler.go:75.24,78.3 2 1
turnstile/internal/entrypoints/handler.go:82.16,85.3 2 1
turnstile/cmd/main.go:9.13,10.45 1 0
turnstile/cmd/main.go:14.2,14.11 1 0
turnstile/cmd/main.go:10.45,12.3 1 0
turnstile/configs/init.go:5.25,9.2 3 0
turnstile/pkg/client/client.go:17.36,30.2 2 0
turnstile/internal/service/sender/log_sender.go:16.81,21.2 1 0
turnstile/internal/service/sender/log_sender.go:23.39,26.26 2 0
turnstile/internal/service/sender/log_sender.go:45.2,49.16 3 0
turnstile/internal/service/sender/log_sender.go:53.2,54.12 2 0
turnstile/internal/service/sender/log_sender.go:26.26,30.41 2 0
turnstile/internal/service/sender/log_sender.go:36.3,40.17 3 0
turnstile/internal/service/sender/log_sender.go:30.41,32.4 1 0
turnstile/internal/service/sender/log_sender.go:32.9,32.24 1 0
turnstile/internal/service/sender/log_sender.go:32.24,34.4 1 0
turnstile/internal/service/sender/log_sender.go:40.17,42.4 1 0
turnstile/internal/service/sender/log_sender.go:49.16,51.3 1 0
